app/build/intermediates/manifest_merge_blame_file/debug/manifest-merger-blame-debug-report.txt
1<?xml version="1.0" encoding="utf-8"?>
2<manifest xmlns:android="http://schemas.android.com/apk/res/android"
3    xmlns:dist="http://schemas.android.com/apk/distribution"
4    package="com.abhi.co_vids"
5    android:versionCode="1"
6    android:versionName="1.0" >
7
8    <uses-sdk
9        android:minSdkVersion="28"
9-->src\main\AndroidManifest.xml
10        android:targetSdkVersion="29" />
10-->src\main\AndroidManifest.xml
11
12    <uses-permission android:name="android.permission.INTERNET" />
12-->src\main\AndroidManifest.xml:6:5-67
12-->src\main\AndroidManifest.xml:6:22-64
13
14    <dist:module dist:instant="true" />
14-->src\main\AndroidManifest.xml:8:5-40
14-->src\main\AndroidManifest.xml:8:18-37
15
16    <uses-permission android:name="android.permission.ACCESS_NETWORK_STATE" />
16-->[com.google.firebase:firebase-database:16.0.4] AndroidManifest.xml:22:5-79
16-->[com.google.firebase:firebase-database:16.0.4] AndroidManifest.xml:22:22-76
17
18    <application
18-->src\main\AndroidManifest.xml:10:5-37:19
19        android:allowBackup="true"
19-->src\main\AndroidManifest.xml:11:9-35
20        android:appComponentFactory="androidx.core.app.CoreComponentFactory"
20-->[androidx.core:core:1.0.1] AndroidManifest.xml:22:18-86
21        android:debuggable="true"
22        android:fullBackupContent="@xml/backup_descriptor"
22-->src\main\AndroidManifest.xml:12:9-59
23        android:icon="@mipmap/ic_launcher"
23-->src\main\AndroidManifest.xml:13:9-43
24        android:label="@string/app_name"
24-->src\main\AndroidManifest.xml:14:9-41
25        android:roundIcon="@mipmap/ic_launcher_round"
25-->src\main\AndroidManifest.xml:15:9-54
26        android:supportsRtl="true"
26-->src\main\AndroidManifest.xml:16:9-35
27        android:testOnly="true"
28        android:theme="@style/AppTheme" >
28-->src\main\AndroidManifest.xml:17:9-40
29        <activity
29-->src\main\AndroidManifest.xml:18:9-21:68
30            android:name="com.abhi.co_vids.MainActivity"
30-->src\main\AndroidManifest.xml:19:13-41
31            android:label="@string/title_activity_main"
31-->src\main\AndroidManifest.xml:20:13-56
32            android:theme="@style/AppTheme.NoActionBar" />
32-->src\main\AndroidManifest.xml:21:13-56
33        <activity android:name="com.abhi.co_vids.Register" >
33-->src\main\AndroidManifest.xml:22:9-28:20
33-->src\main\AndroidManifest.xml:22:19-43
34            <intent-filter>
34-->src\main\AndroidManifest.xml:23:13-27:29
35                <action android:name="android.intent.action.MAIN" />
35-->src\main\AndroidManifest.xml:24:17-69
35-->src\main\AndroidManifest.xml:24:25-66
36
37                <category android:name="android.intent.category.LAUNCHER" />
37-->src\main\AndroidManifest.xml:26:17-77
37-->src\main\AndroidManifest.xml:26:27-74
38            </intent-filter>
39        </activity>
40        <activity android:name="com.abhi.co_vids.Login" />
40-->src\main\AndroidManifest.xml:29:9-43
40-->src\main\AndroidManifest.xml:29:19-40
41        <activity
41-->src\main\AndroidManifest.xml:30:9-32:60
42            android:name="com.abhi.co_vids.ui.login.LoginActivity"
42-->src\main\AndroidManifest.xml:31:13-51
43            android:label="@string/title_activity_login" />
43-->src\main\AndroidManifest.xml:32:13-57
44
45        <meta-data
45-->src\main\AndroidManifest.xml:34:9-36:57
46            android:name="preloaded_fonts"
46-->src\main\AndroidManifest.xml:35:13-43
47            android:resource="@array/preloaded_fonts" />
47-->src\main\AndroidManifest.xml:36:13-54
48
49        <activity
49-->[com.google.firebase:firebase-auth:19.3.1] AndroidManifest.xml:24:9-31:50
50            android:name="com.google.firebase.auth.internal.FederatedSignInActivity"
50-->[com.google.firebase:firebase-auth:19.3.1] AndroidManifest.xml:25:13-85
51            android:excludeFromRecents="true"
51-->[com.google.firebase:firebase-auth:19.3.1] AndroidManifest.xml:26:13-46
52            android:exported="true"
52-->[com.google.firebase:firebase-auth:19.3.1] AndroidManifest.xml:27:13-36
53            android:launchMode="singleTask"
53-->[com.google.firebase:firebase-auth:19.3.1] AndroidManifest.xml:28:13-44
54            android:permission="com.google.firebase.auth.api.gms.permission.LAUNCH_FEDERATED_SIGN_IN"
54-->[com.google.firebase:firebase-auth:19.3.1] AndroidManifest.xml:29:13-102
55            android:theme="@android:style/Theme.Translucent.NoTitleBar" />
55-->[com.google.firebase:firebase-auth:19.3.1] AndroidManifest.xml:30:13-72
56
57        <service
57-->[com.google.firebase:firebase-auth:19.3.1] AndroidManifest.xml:33:9-39:19
58            android:name="com.google.firebase.components.ComponentDiscoveryService"
58-->[com.google.firebase:firebase-auth:19.3.1] AndroidManifest.xml:34:13-84
59            android:directBootAware="true"
59-->[com.google.firebase:firebase-common:19.3.0] AndroidManifest.xml:34:13-43
60            android:exported="false" >
60-->[com.google.firebase:firebase-auth:19.3.1] AndroidManifest.xml:35:13-37
61            <meta-data
61-->[com.google.firebase:firebase-auth:19.3.1] AndroidManifest.xml:36:13-38:85
62                android:name="com.google.firebase.components:com.google.firebase.auth.FirebaseAuthRegistrar"
62-->[com.google.firebase:firebase-auth:19.3.1] AndroidManifest.xml:37:17-109
63                android:value="com.google.firebase.components.ComponentRegistrar" />
63-->[com.google.firebase:firebase-auth:19.3.1] AndroidManifest.xml:38:17-82
64            <meta-data
64-->[com.google.firebase:firebase-firestore:17.1.2] AndroidManifest.xml:15:13-17:85
65                android:name="com.google.firebase.components:com.google.firebase.firestore.FirestoreRegistrar"
65-->[com.google.firebase:firebase-firestore:17.1.2] AndroidManifest.xml:16:17-111
66                android:value="com.google.firebase.components.ComponentRegistrar" />
66-->[com.google.firebase:firebase-firestore:17.1.2] AndroidManifest.xml:17:17-82
67        </service>
68
69        <activity
69-->[com.google.android.gms:play-services-base:17.1.0] AndroidManifest.xml:23:9-26:75
70            android:name="com.google.android.gms.common.api.GoogleApiActivity"
70-->[com.google.android.gms:play-services-base:17.1.0] AndroidManifest.xml:24:13-79
71            android:exported="false"
71-->[com.google.android.gms:play-services-base:17.1.0] AndroidManifest.xml:25:13-37
72            android:theme="@android:style/Theme.Translucent.NoTitleBar" />
72-->[com.google.android.gms:play-services-base:17.1.0] AndroidManifest.xml:26:13-72
73
74        <provider
74-->[com.google.firebase:firebase-common:19.3.0] AndroidManifest.xml:26:9-30:39
75            android:name="com.google.firebase.provider.FirebaseInitProvider"
75-->[com.google.firebase:firebase-common:19.3.0] AndroidManifest.xml:27:13-77
76            android:authorities="com.abhi.co_vids.firebaseinitprovider"
76-->[com.google.firebase:firebase-common:19.3.0] AndroidManifest.xml:28:13-72
77            android:exported="false"
77-->[com.google.firebase:firebase-common:19.3.0] AndroidManifest.xml:29:13-37
78            android:initOrder="100" />
78-->[com.google.firebase:firebase-common:19.3.0] AndroidManifest.xml:30:13-36
79
80        <meta-data
80-->[com.google.android.gms:play-services-basement:17.0.0] AndroidManifest.xml:23:9-25:69
81            android:name="com.google.android.gms.version"
81-->[com.google.android.gms:play-services-basement:17.0.0] AndroidManifest.xml:24:13-58
82            android:value="@integer/google_play_services_version" />
82-->[com.google.android.gms:play-services-basement:17.0.0] AndroidManifest.xml:25:13-66
83
84        <provider
84-->[androidx.lifecycle:lifecycle-process:2.0.0] AndroidManifest.xml:23:9-27:43
85            android:name="androidx.lifecycle.ProcessLifecycleOwnerInitializer"
85-->[androidx.lifecycle:lifecycle-process:2.0.0] AndroidManifest.xml:24:13-79
86            android:authorities="com.abhi.co_vids.lifecycle-process"
86-->[androidx.lifecycle:lifecycle-process:2.0.0] AndroidManifest.xml:25:13-69
87            android:exported="false"
87-->[androidx.lifecycle:lifecycle-process:2.0.0] AndroidManifest.xml:26:13-37
88            android:multiprocess="true" />
88-->[androidx.lifecycle:lifecycle-process:2.0.0] AndroidManifest.xml:27:13-40
89    </application>
90
91</manifest>